<?xml version="1.0" encoding="UTF-8"?>
<coverage generated="1774367145064" clover="3.2.0">
  <project timestamp="1774367145064" name="All files">
    <metrics statements="70" coveredstatements="60" conditionals="50" coveredconditionals="37" methods="23" coveredmethods="18" elements="143" coveredelements="115" complexity="0" loc="70" ncloc="70" packages="2" files="5" classes="5"/>
    <package name="components">
      <metrics statements="35" coveredstatements="31" conditionals="20" coveredconditionals="16" methods="11" coveredmethods="9"/>
      <file name="Navbar.css" path="/Users/anim/B1nit/my-blog-vibe/src/components/Navbar.css">
        <metrics statements="0" coveredstatements="0" conditionals="0" coveredconditionals="0" methods="0" coveredmethods="0"/>
      </file>
      <file name="Navbar.jsx" path="/Users/anim/B1nit/my-blog-vibe/src/components/Navbar.jsx">
        <metrics statements="35" coveredstatements="31" conditionals="20" coveredconditionals="16" methods="11" coveredmethods="9"/>
        <line num="8" count="1" type="stmt"/>
        <line num="9" count="8" type="stmt"/>
        <line num="10" count="8" type="stmt"/>
        <line num="11" count="8" type="stmt"/>
        <line num="12" count="8" type="stmt"/>
        <line num="13" count="8" type="stmt"/>
        <line num="15" count="8" type="stmt"/>
        <line num="17" count="3" type="stmt"/>
        <line num="18" count="3" type="cond" truecount="1" falsecount="1"/>
        <line num="19" count="0" type="stmt"/>
        <line num="20" count="0" type="stmt"/>
        <line num="23" count="3" type="stmt"/>
        <line num="24" count="0" type="stmt"/>
        <line num="26" count="3" type="stmt"/>
        <line num="27" count="3" type="stmt"/>
        <line num="30" count="8" type="stmt"/>
        <line num="38" count="8" type="stmt"/>
        <line num="40" count="8" type="stmt"/>
        <line num="41" count="2" type="stmt"/>
        <line num="42" count="2" type="stmt"/>
        <line num="43" count="0" type="stmt"/>
        <line num="46" count="2" type="stmt"/>
        <line num="47" count="2" type="cond" truecount="2" falsecount="0"/>
        <line num="48" count="1" type="stmt"/>
        <line num="49" count="1" type="stmt"/>
        <line num="51" count="1" type="stmt"/>
        <line num="52" count="1" type="stmt"/>
        <line num="56" count="8" type="stmt"/>
        <line num="57" count="1" type="cond" truecount="1" falsecount="1"/>
        <line num="58" count="1" type="stmt"/>
        <line num="61" count="8" type="stmt"/>
        <line num="71" count="40" type="stmt"/>
        <line num="102" count="1" type="stmt"/>
        <line num="112" count="40" type="stmt"/>
        <line num="116" count="1" type="stmt"/>
      </file>
    </package>
    <package name="pages">
      <metrics statements="35" coveredstatements="29" conditionals="30" coveredconditionals="21" methods="12" coveredmethods="9"/>
      <file name="BlogPost.css" path="/Users/anim/B1nit/my-blog-vibe/src/pages/BlogPost.css">
        <metrics statements="0" coveredstatements="0" conditionals="0" coveredconditionals="0" methods="0" coveredmethods="0"/>
      </file>
      <file name="PhotoPost.css" path="/Users/anim/B1nit/my-blog-vibe/src/pages/PhotoPost.css">
        <metrics statements="0" coveredstatements="0" conditionals="0" coveredconditionals="0" methods="0" coveredmethods="0"/>
      </file>
      <file name="PhotoPost.jsx" path="/Users/anim/B1nit/my-blog-vibe/src/pages/PhotoPost.jsx">
        <metrics statements="35" coveredstatements="29" conditionals="30" coveredconditionals="21" methods="12" coveredmethods="9"/>
        <line num="11" count="1" type="stmt"/>
        <line num="12" count="10" type="stmt"/>
        <line num="13" count="10" type="stmt"/>
        <line num="14" count="10" type="stmt"/>
        <line num="15" count="10" type="stmt"/>
        <line num="18" count="10" type="stmt"/>
        <line num="19" count="3" type="stmt"/>
        <line num="22" count="10" type="cond" truecount="1" falsecount="1"/>
        <line num="23" count="0" type="stmt"/>
        <line num="34" count="10" type="stmt"/>
        <line num="35" count="10" type="stmt"/>
        <line num="36" count="10" type="stmt"/>
        <line num="39" count="10" type="stmt"/>
        <line num="40" count="4" type="cond" truecount="1" falsecount="1"/>
        <line num="41" count="4" type="stmt"/>
        <line num="45" count="10" type="stmt"/>
        <line num="46" count="0" type="cond" truecount="0" falsecount="2"/>
        <line num="47" count="0" type="stmt"/>
        <line num="51" count="10" type="stmt"/>
        <line num="52" count="3" type="stmt"/>
        <line num="53" count="3" type="stmt"/>
        <line num="56" count="10" type="stmt"/>
        <line num="57" count="2" type="stmt"/>
        <line num="60" count="10" type="stmt"/>
        <line num="61" count="3" type="cond" truecount="4" falsecount="0"/>
        <line num="62" count="2" type="stmt"/>
        <line num="63" count="2" type="cond" truecount="1" falsecount="1"/>
        <line num="64" count="2" type="stmt"/>
        <line num="65" count="0" type="cond" truecount="0" falsecount="2"/>
        <line num="66" count="0" type="stmt"/>
        <line num="70" count="10" type="cond" truecount="2" falsecount="0"/>
        <line num="72" count="10" type="stmt"/>
        <line num="85" count="30" type="stmt"/>
        <line num="124" count="30" type="stmt"/>
        <line num="127" count="0" type="stmt"/>
      </file>
    </package>
  </project>
</coverage>
