{"/Users/anim/B1nit/my-blog-vibe/src/components/Navbar.css": {"path":"/Users/anim/B1nit/my-blog-vibe/src/components/Navbar.css","statementMap":{},"fnMap":{},"branchMap":{},"s":{},"f":{},"b":{},"meta":{"lastBranch":0,"lastFunction":0,"lastStatement":0,"seen":{}}}
,"/Users/anim/B1nit/my-blog-vibe/src/components/Navbar.jsx": {"path":"/Users/anim/B1nit/my-blog-vibe/src/components/Navbar.jsx","statementMap":{"0":{"start":{"line":8,"column":15},"end":{"line":125,"column":null}},"1":{"start":{"line":9,"column":18},"end":{"line":9,"column":null}},"2":{"start":{"line":10,"column":34},"end":{"line":10,"column":null}},"3":{"start":{"line":11,"column":46},"end":{"line":11,"column":null}},"4":{"start":{"line":12,"column":34},"end":{"line":12,"column":null}},"5":{"start":{"line":13,"column":8},"end":{"line":13,"column":null}},"6":{"start":{"line":15,"column":2},"end":{"line":28,"column":null}},"7":{"start":{"line":17,"column":23},"end":{"line":17,"column":null}},"8":{"start":{"line":18,"column":4},"end":{"line":21,"column":null}},"9":{"start":{"line":19,"column":6},"end":{"line":19,"column":null}},"10":{"start":{"line":20,"column":6},"end":{"line":20,"column":null}},"11":{"start":{"line":23,"column":25},"end":{"line":25,"column":null}},"12":{"start":{"line":24,"column":6},"end":{"line":24,"column":null}},"13":{"start":{"line":26,"column":4},"end":{"line":26,"column":null}},"14":{"start":{"line":27,"column":4},"end":{"line":27,"column":null}},"15":{"start":{"line":27,"column":17},"end":{"line":27,"column":null}},"16":{"start":{"line":30,"column":19},"end":{"line":36,"column":null}},"17":{"start":{"line":38,"column":20},"end":{"line":38,"column":null}},"18":{"start":{"line":40,"column":22},"end":{"line":54,"column":null}},"19":{"start":{"line":41,"column":4},"end":{"line":41,"column":null}},"20":{"start":{"line":42,"column":4},"end":{"line":44,"column":null}},"21":{"start":{"line":43,"column":6},"end":{"line":43,"column":null}},"22":{"start":{"line":46,"column":4},"end":{"line":46,"column":null}},"23":{"start":{"line":47,"column":4},"end":{"line":53,"column":null}},"24":{"start":{"line":48,"column":6},"end":{"line":48,"column":null}},"25":{"start":{"line":49,"column":6},"end":{"line":49,"column":null}},"26":{"start":{"line":51,"column":6},"end":{"line":51,"column":null}},"27":{"start":{"line":52,"column":6},"end":{"line":52,"column":null}},"28":{"start":{"line":56,"column":25},"end":{"line":59,"column":null}},"29":{"start":{"line":57,"column":20},"end":{"line":57,"column":null}},"30":{"start":{"line":58,"column":4},"end":{"line":58,"column":null}},"31":{"start":{"line":61,"column":2},"end":{"line":123,"column":null}},"32":{"start":{"line":71,"column":12},"end":{"line":78,"column":null}},"33":{"start":{"line":102,"column":27},"end":{"line":102,"column":null}},"34":{"start":{"line":112,"column":10},"end":{"line":120,"column":null}},"35":{"start":{"line":116,"column":27},"end":{"line":116,"column":null}}},"fnMap":{"0":{"name":"(anonymous_0)","decl":{"start":{"line":8,"column":15},"end":{"line":8,"column":21}},"loc":{"start":{"line":8,"column":21},"end":{"line":125,"column":null}},"line":8},"1":{"name":"(anonymous_1)","decl":{"start":{"line":15,"column":12},"end":{"line":15,"column":18}},"loc":{"start":{"line":15,"column":18},"end":{"line":28,"column":5}},"line":15},"2":{"name":"(anonymous_2)","decl":{"start":{"line":23,"column":25},"end":{"line":23,"column":31}},"loc":{"start":{"line":23,"column":31},"end":{"line":25,"column":null}},"line":23},"3":{"name":"(anonymous_3)","decl":{"start":{"line":27,"column":11},"end":{"line":27,"column":17}},"loc":{"start":{"line":27,"column":17},"end":{"line":27,"column":null}},"line":27},"4":{"name":"(anonymous_4)","decl":{"start":{"line":40,"column":22},"end":{"line":40,"column":28}},"loc":{"start":{"line":40,"column":28},"end":{"line":54,"column":null}},"line":40},"5":{"name":"(anonymous_5)","decl":{"start":{"line":42,"column":15},"end":{"line":42,"column":21}},"loc":{"start":{"line":42,"column":21},"end":{"line":44,"column":7}},"line":42},"6":{"name":"(anonymous_6)","decl":{"start":{"line":56,"column":25},"end":{"line":56,"column":31}},"loc":{"start":{"line":56,"column":31},"end":{"line":59,"column":null}},"line":56},"7":{"name":"(anonymous_7)","decl":{"start":{"line":70,"column":24},"end":{"line":70,"column":25}},"loc":{"start":{"line":71,"column":12},"end":{"line":78,"column":null}},"line":71},"8":{"name":"(anonymous_8)","decl":{"start":{"line":102,"column":21},"end":{"line":102,"column":27}},"loc":{"start":{"line":102,"column":27},"end":{"line":102,"column":null}},"line":102},"9":{"name":"(anonymous_9)","decl":{"start":{"line":111,"column":22},"end":{"line":111,"column":23}},"loc":{"start":{"line":112,"column":10},"end":{"line":120,"column":null}},"line":112},"10":{"name":"(anonymous_10)","decl":{"start":{"line":116,"column":21},"end":{"line":116,"column":27}},"loc":{"start":{"line":116,"column":27},"end":{"line":116,"column":null}},"line":116}},"branchMap":{"0":{"loc":{"start":{"line":18,"column":4},"end":{"line":21,"column":null}},"type":"if","locations":[{"start":{"line":18,"column":4},"end":{"line":21,"column":null}},{"start":{},"end":{}}],"line":18},"1":{"loc":{"start":{"line":47,"column":4},"end":{"line":53,"column":null}},"type":"if","locations":[{"start":{"line":47,"column":4},"end":{"line":53,"column":null}},{"start":{"line":50,"column":11},"end":{"line":53,"column":null}}],"line":47},"2":{"loc":{"start":{"line":57,"column":20},"end":{"line":57,"column":null}},"type":"cond-expr","locations":[{"start":{"line":57,"column":53},"end":{"line":57,"column":60}},{"start":{"line":57,"column":60},"end":{"line":57,"column":null}}],"line":57},"3":{"loc":{"start":{"line":62,"column":30},"end":{"line":62,"column":58}},"type":"cond-expr","locations":[{"start":{"line":62,"column":43},"end":{"line":62,"column":56}},{"start":{"line":62,"column":56},"end":{"line":62,"column":58}}],"line":62},"4":{"loc":{"start":{"line":74,"column":37},"end":{"line":74,"column":84}},"type":"cond-expr","locations":[{"start":{"line":74,"column":71},"end":{"line":74,"column":82}},{"start":{"line":74,"column":82},"end":{"line":74,"column":84}}],"line":74},"5":{"loc":{"start":{"line":88,"column":13},"end":{"line":88,"column":null}},"type":"cond-expr","locations":[{"start":{"line":88,"column":26},"end":{"line":88,"column":46}},{"start":{"line":88,"column":46},"end":{"line":88,"column":null}}],"line":88},"6":{"loc":{"start":{"line":96,"column":13},"end":{"line":96,"column":null}},"type":"cond-expr","locations":[{"start":{"line":96,"column":46},"end":{"line":96,"column":53}},{"start":{"line":96,"column":53},"end":{"line":96,"column":null}}],"line":96},"7":{"loc":{"start":{"line":104,"column":13},"end":{"line":104,"column":null}},"type":"cond-expr","locations":[{"start":{"line":104,"column":32},"end":{"line":104,"column":50}},{"start":{"line":104,"column":50},"end":{"line":104,"column":null}}],"line":104},"8":{"loc":{"start":{"line":110,"column":37},"end":{"line":110,"column":67}},"type":"cond-expr","locations":[{"start":{"line":110,"column":56},"end":{"line":110,"column":65}},{"start":{"line":110,"column":65},"end":{"line":110,"column":67}}],"line":110},"9":{"loc":{"start":{"line":115,"column":42},"end":{"line":115,"column":89}},"type":"cond-expr","locations":[{"start":{"line":115,"column":76},"end":{"line":115,"column":87}},{"start":{"line":115,"column":87},"end":{"line":115,"column":89}}],"line":115}},"s":{"0":1,"1":8,"2":8,"3":8,"4":8,"5":8,"6":8,"7":3,"8":3,"9":0,"10":0,"11":3,"12":0,"13":3,"14":3,"15":3,"16":8,"17":8,"18":8,"19":2,"20":2,"21":0,"22":2,"23":2,"24":1,"25":1,"26":1,"27":1,"28":8,"29":1,"30":1,"31":8,"32":40,"33":1,"34":40,"35":1},"f":{"0":8,"1":3,"2":0,"3":3,"4":2,"5":0,"6":1,"7":40,"8":1,"9":40,"10":1},"b":{"0":[0,3],"1":[1,1],"2":[1,0],"3":[0,8],"4":[8,32],"5":[7,1],"6":[8,0],"7":[1,7],"8":[1,7],"9":[8,32]},"meta":{"lastBranch":10,"lastFunction":11,"lastStatement":36,"seen":{"s:8:15:125:Infinity":0,"f:8:15:8:21":0,"s:9:18:9:Infinity":1,"s:10:34:10:Infinity":2,"s:11:46:11:Infinity":3,"s:12:34:12:Infinity":4,"s:13:8:13:Infinity":5,"s:15:2:28:Infinity":6,"f:15:12:15:18":1,"s:17:23:17:Infinity":7,"b:18:4:21:Infinity:undefined:undefined:undefined:undefined":0,"s:18:4:21:Infinity":8,"s:19:6:19:Infinity":9,"s:20:6:20:Infinity":10,"s:23:25:25:Infinity":11,"f:23:25:23:31":2,"s:24:6:24:Infinity":12,"s:26:4:26:Infinity":13,"s:27:4:27:Infinity":14,"f:27:11:27:17":3,"s:27:17:27:Infinity":15,"s:30:19:36:Infinity":16,"s:38:20:38:Infinity":17,"s:40:22:54:Infinity":18,"f:40:22:40:28":4,"s:41:4:41:Infinity":19,"s:42:4:44:Infinity":20,"f:42:15:42:21":5,"s:43:6:43:Infinity":21,"s:46:4:46:Infinity":22,"b:47:4:53:Infinity:50:11:53:Infinity":1,"s:47:4:53:Infinity":23,"s:48:6:48:Infinity":24,"s:49:6:49:Infinity":25,"s:51:6:51:Infinity":26,"s:52:6:52:Infinity":27,"s:56:25:59:Infinity":28,"f:56:25:56:31":6,"s:57:20:57:Infinity":29,"b:57:53:57:60:57:60:57:Infinity":2,"s:58:4:58:Infinity":30,"s:61:2:123:Infinity":31,"b:62:43:62:56:62:56:62:58":3,"f:70:24:70:25":7,"s:71:12:78:Infinity":32,"b:74:71:74:82:74:82:74:84":4,"b:88:26:88:46:88:46:88:Infinity":5,"b:96:46:96:53:96:53:96:Infinity":6,"f:102:21:102:27":8,"s:102:27:102:Infinity":33,"b:104:32:104:50:104:50:104:Infinity":7,"b:110:56:110:65:110:65:110:67":8,"f:111:22:111:23":9,"s:112:10:120:Infinity":34,"b:115:76:115:87:115:87:115:89":9,"f:116:21:116:27":10,"s:116:27:116:Infinity":35}}}
,"/Users/anim/B1nit/my-blog-vibe/src/pages/BlogPost.css": {"path":"/Users/anim/B1nit/my-blog-vibe/src/pages/BlogPost.css","statementMap":{},"fnMap":{},"branchMap":{},"s":{},"f":{},"b":{},"meta":{"lastBranch":0,"lastFunction":0,"lastStatement":0,"seen":{}}}
,"/Users/anim/B1nit/my-blog-vibe/src/pages/PhotoPost.css": {"path":"/Users/anim/B1nit/my-blog-vibe/src/pages/PhotoPost.css","statementMap":{},"fnMap":{},"branchMap":{},"s":{},"f":{},"b":{},"meta":{"lastBranch":0,"lastFunction":0,"lastStatement":0,"seen":{}}}
,"/Users/anim/B1nit/my-blog-vibe/src/pages/PhotoPost.jsx": {"path":"/Users/anim/B1nit/my-blog-vibe/src/pages/PhotoPost.jsx","statementMap":{"0":{"start":{"line":11,"column":18},"end":{"line":160,"column":null}},"1":{"start":{"line":12,"column":14},"end":{"line":12,"column":null}},"2":{"start":{"line":13,"column":17},"end":{"line":13,"column":null}},"3":{"start":{"line":14,"column":10},"end":{"line":14,"column":null}},"4":{"start":{"line":15,"column":40},"end":{"line":15,"column":null}},"5":{"start":{"line":18,"column":4},"end":{"line":20,"column":null}},"6":{"start":{"line":19,"column":8},"end":{"line":19,"column":null}},"7":{"start":{"line":22,"column":4},"end":{"line":31,"column":null}},"8":{"start":{"line":23,"column":8},"end":{"line":29,"column":null}},"9":{"start":{"line":34,"column":10},"end":{"line":34,"column":null}},"10":{"start":{"line":35,"column":10},"end":{"line":35,"column":null}},"11":{"start":{"line":36,"column":29},"end":{"line":36,"column":null}},"12":{"start":{"line":39,"column":22},"end":{"line":43,"column":null}},"13":{"start":{"line":40,"column":8},"end":{"line":42,"column":null}},"14":{"start":{"line":41,"column":12},"end":{"line":41,"column":null}},"15":{"start":{"line":41,"column":36},"end":{"line":41,"column":78}},"16":{"start":{"line":45,"column":22},"end":{"line":49,"column":null}},"17":{"start":{"line":46,"column":8},"end":{"line":48,"column":null}},"18":{"start":{"line":47,"column":12},"end":{"line":47,"column":null}},"19":{"start":{"line":47,"column":36},"end":{"line":47,"column":57}},"20":{"start":{"line":51,"column":25},"end":{"line":54,"column":null}},"21":{"start":{"line":52,"column":8},"end":{"line":52,"column":null}},"22":{"start":{"line":53,"column":8},"end":{"line":53,"column":null}},"23":{"start":{"line":56,"column":24},"end":{"line":58,"column":null}},"24":{"start":{"line":57,"column":8},"end":{"line":57,"column":null}},"25":{"start":{"line":60,"column":29},"end":{"line":68,"column":null}},"26":{"start":{"line":61,"column":8},"end":{"line":61,"column":null}},"27":{"start":{"line":61,"column":54},"end":{"line":61,"column":null}},"28":{"start":{"line":62,"column":25},"end":{"line":62,"column":null}},"29":{"start":{"line":63,"column":8},"end":{"line":67,"column":null}},"30":{"start":{"line":64,"column":12},"end":{"line":64,"column":null}},"31":{"start":{"line":65,"column":8},"end":{"line":67,"column":null}},"32":{"start":{"line":66,"column":12},"end":{"line":66,"column":null}},"33":{"start":{"line":70,"column":30},"end":{"line":70,"column":null}},"34":{"start":{"line":72,"column":4},"end":{"line":158,"column":null}},"35":{"start":{"line":85,"column":24},"end":{"line":91,"column":null}},"36":{"start":{"line":124,"column":32},"end":{"line":129,"column":null}},"37":{"start":{"line":127,"column":51},"end":{"line":127,"column":null}}},"fnMap":{"0":{"name":"(anonymous_0)","decl":{"start":{"line":11,"column":18},"end":{"line":11,"column":24}},"loc":{"start":{"line":11,"column":24},"end":{"line":160,"column":null}},"line":11},"1":{"name":"(anonymous_1)","decl":{"start":{"line":18,"column":14},"end":{"line":18,"column":20}},"loc":{"start":{"line":18,"column":20},"end":{"line":20,"column":7}},"line":18},"2":{"name":"(anonymous_2)","decl":{"start":{"line":39,"column":22},"end":{"line":39,"column":28}},"loc":{"start":{"line":39,"column":28},"end":{"line":43,"column":null}},"line":39},"3":{"name":"(anonymous_3)","decl":{"start":{"line":41,"column":28},"end":{"line":41,"column":36}},"loc":{"start":{"line":41,"column":36},"end":{"line":41,"column":78}},"line":41},"4":{"name":"(anonymous_4)","decl":{"start":{"line":45,"column":22},"end":{"line":45,"column":28}},"loc":{"start":{"line":45,"column":28},"end":{"line":49,"column":null}},"line":45},"5":{"name":"(anonymous_5)","decl":{"start":{"line":47,"column":28},"end":{"line":47,"column":36}},"loc":{"start":{"line":47,"column":36},"end":{"line":47,"column":57}},"line":47},"6":{"name":"(anonymous_6)","decl":{"start":{"line":51,"column":25},"end":{"line":51,"column":26}},"loc":{"start":{"line":51,"column":32},"end":{"line":54,"column":null}},"line":51},"7":{"name":"(anonymous_7)","decl":{"start":{"line":56,"column":24},"end":{"line":56,"column":25}},"loc":{"start":{"line":56,"column":31},"end":{"line":58,"column":null}},"line":56},"8":{"name":"(anonymous_8)","decl":{"start":{"line":60,"column":29},"end":{"line":60,"column":35}},"loc":{"start":{"line":60,"column":35},"end":{"line":68,"column":null}},"line":60},"9":{"name":"(anonymous_9)","decl":{"start":{"line":84,"column":52},"end":{"line":84,"column":53}},"loc":{"start":{"line":85,"column":24},"end":{"line":91,"column":null}},"line":85},"10":{"name":"(anonymous_10)","decl":{"start":{"line":123,"column":45},"end":{"line":123,"column":46}},"loc":{"start":{"line":124,"column":32},"end":{"line":129,"column":null}},"line":124},"11":{"name":"(anonymous_11)","decl":{"start":{"line":127,"column":45},"end":{"line":127,"column":51}},"loc":{"start":{"line":127,"column":51},"end":{"line":127,"column":null}},"line":127}},"branchMap":{"0":{"loc":{"start":{"line":22,"column":4},"end":{"line":31,"column":null}},"type":"if","locations":[{"start":{"line":22,"column":4},"end":{"line":31,"column":null}},{"start":{},"end":{}}],"line":22},"1":{"loc":{"start":{"line":40,"column":8},"end":{"line":42,"column":null}},"type":"if","locations":[{"start":{"line":40,"column":8},"end":{"line":42,"column":null}},{"start":{},"end":{}}],"line":40},"2":{"loc":{"start":{"line":46,"column":8},"end":{"line":48,"column":null}},"type":"if","locations":[{"start":{"line":46,"column":8},"end":{"line":48,"column":null}},{"start":{},"end":{}}],"line":46},"3":{"loc":{"start":{"line":61,"column":8},"end":{"line":61,"column":null}},"type":"if","locations":[{"start":{"line":61,"column":8},"end":{"line":61,"column":null}},{"start":{},"end":{}}],"line":61},"4":{"loc":{"start":{"line":61,"column":12},"end":{"line":61,"column":54}},"type":"binary-expr","locations":[{"start":{"line":61,"column":12},"end":{"line":61,"column":35}},{"start":{"line":61,"column":35},"end":{"line":61,"column":54}}],"line":61},"5":{"loc":{"start":{"line":63,"column":8},"end":{"line":67,"column":null}},"type":"if","locations":[{"start":{"line":63,"column":8},"end":{"line":67,"column":null}},{"start":{"line":65,"column":8},"end":{"line":67,"column":null}}],"line":63},"6":{"loc":{"start":{"line":65,"column":8},"end":{"line":67,"column":null}},"type":"if","locations":[{"start":{"line":65,"column":8},"end":{"line":67,"column":null}},{"start":{},"end":{}}],"line":65},"7":{"loc":{"start":{"line":70,"column":30},"end":{"line":70,"column":null}},"type":"binary-expr","locations":[{"start":{"line":70,"column":30},"end":{"line":70,"column":45}},{"start":{"line":70,"column":45},"end":{"line":70,"column":null}}],"line":70},"8":{"loc":{"start":{"line":75,"column":41},"end":{"line":75,"column":78}},"type":"cond-expr","locations":[{"start":{"line":75,"column":61},"end":{"line":75,"column":76}},{"start":{"line":75,"column":76},"end":{"line":75,"column":78}}],"line":75},"9":{"loc":{"start":{"line":84,"column":21},"end":{"line":92,"column":null}},"type":"binary-expr","locations":[{"start":{"line":84,"column":21},"end":{"line":84,"column":36}},{"start":{"line":84,"column":36},"end":{"line":92,"column":null}}],"line":84},"10":{"loc":{"start":{"line":95,"column":17},"end":{"line":132,"column":null}},"type":"binary-expr","locations":[{"start":{"line":95,"column":17},"end":{"line":95,"column":null}},{"start":{"line":96,"column":20},"end":{"line":132,"column":null}}],"line":95},"11":{"loc":{"start":{"line":105,"column":29},"end":{"line":106,"column":null}},"type":"binary-expr","locations":[{"start":{"line":105,"column":29},"end":{"line":105,"column":null}},{"start":{"line":106,"column":32},"end":{"line":106,"column":null}}],"line":105},"12":{"loc":{"start":{"line":117,"column":29},"end":{"line":118,"column":null}},"type":"binary-expr","locations":[{"start":{"line":117,"column":29},"end":{"line":117,"column":null}},{"start":{"line":118,"column":32},"end":{"line":118,"column":null}}],"line":117},"13":{"loc":{"start":{"line":126,"column":54},"end":{"line":126,"column":90}},"type":"cond-expr","locations":[{"start":{"line":126,"column":77},"end":{"line":126,"column":88}},{"start":{"line":126,"column":88},"end":{"line":126,"column":90}}],"line":126},"14":{"loc":{"start":{"line":143,"column":21},"end":{"line":148,"column":null}},"type":"binary-expr","locations":[{"start":{"line":143,"column":21},"end":{"line":143,"column":null}},{"start":{"line":144,"column":24},"end":{"line":148,"column":null}}],"line":143}},"s":{"0":1,"1":10,"2":10,"3":10,"4":10,"5":10,"6":3,"7":10,"8":0,"9":10,"10":10,"11":10,"12":10,"13":4,"14":4,"15":4,"16":10,"17":0,"18":0,"19":0,"20":10,"21":3,"22":3,"23":10,"24":2,"25":10,"26":3,"27":1,"28":2,"29":2,"30":2,"31":0,"32":0,"33":10,"34":10,"35":30,"36":30,"37":0},"f":{"0":10,"1":3,"2":4,"3":4,"4":0,"5":0,"6":3,"7":2,"8":3,"9":30,"10":30,"11":0},"b":{"0":[0,10],"1":[4,0],"2":[0,0],"3":[1,2],"4":[3,3],"5":[2,0],"6":[0,0],"7":[10,10],"8":[10,0],"9":[10,10],"10":[10,10],"11":[10,7],"12":[10,9],"13":[10,20],"14":[10,0]},"meta":{"lastBranch":15,"lastFunction":12,"lastStatement":38,"seen":{"s:11:18:160:Infinity":0,"f:11:18:11:24":0,"s:12:14:12:Infinity":1,"s:13:17:13:Infinity":2,"s:14:10:14:Infinity":3,"s:15:40:15:Infinity":4,"s:18:4:20:Infinity":5,"f:18:14:18:20":1,"s:19:8:19:Infinity":6,"b:22:4:31:Infinity:undefined:undefined:undefined:undefined":0,"s:22:4:31:Infinity":7,"s:23:8:29:Infinity":8,"s:34:10:34:Infinity":9,"s:35:10:35:Infinity":10,"s:36:29:36:Infinity":11,"s:39:22:43:Infinity":12,"f:39:22:39:28":2,"b:40:8:42:Infinity:undefined:undefined:undefined:undefined":1,"s:40:8:42:Infinity":13,"s:41:12:41:Infinity":14,"f:41:28:41:36":3,"s:41:36:41:78":15,"s:45:22:49:Infinity":16,"f:45:22:45:28":4,"b:46:8:48:Infinity:undefined:undefined:undefined:undefined":2,"s:46:8:48:Infinity":17,"s:47:12:47:Infinity":18,"f:47:28:47:36":5,"s:47:36:47:57":19,"s:51:25:54:Infinity":20,"f:51:25:51:26":6,"s:52:8:52:Infinity":21,"s:53:8:53:Infinity":22,"s:56:24:58:Infinity":23,"f:56:24:56:25":7,"s:57:8:57:Infinity":24,"s:60:29:68:Infinity":25,"f:60:29:60:35":8,"b:61:8:61:Infinity:undefined:undefined:undefined:undefined":3,"s:61:8:61:Infinity":26,"b:61:12:61:35:61:35:61:54":4,"s:61:54:61:Infinity":27,"s:62:25:62:Infinity":28,"b:63:8:67:Infinity:65:8:67:Infinity":5,"s:63:8:67:Infinity":29,"s:64:12:64:Infinity":30,"b:65:8:67:Infinity:undefined:undefined:undefined:undefined":6,"s:65:8:67:Infinity":31,"s:66:12:66:Infinity":32,"s:70:30:70:Infinity":33,"b:70:30:70:45:70:45:70:Infinity":7,"s:72:4:158:Infinity":34,"b:75:61:75:76:75:76:75:78":8,"b:84:21:84:36:84:36:92:Infinity":9,"f:84:52:84:53":9,"s:85:24:91:Infinity":35,"b:95:17:95:Infinity:96:20:132:Infinity":10,"b:105:29:105:Infinity:106:32:106:Infinity":11,"b:117:29:117:Infinity:118:32:118:Infinity":12,"f:123:45:123:46":10,"s:124:32:129:Infinity":36,"b:126:77:126:88:126:88:126:90":13,"f:127:45:127:51":11,"s:127:51:127:Infinity":37,"b:143:21:143:Infinity:144:24:148:Infinity":14}}}
}
